<?xml version="1.0" encoding="UTF-8"?>
<!-- Generated by org.testng.reporters.JUnitReportReporter -->
<testsuite skipped="0" hostname="Sayeed-LpTop1" name="execution.Base" tests="1" failures="0" timestamp="2020-04-22T12:46:48 EDT" time="0.012" errors="0">
  <testcase name="main" time="0.012" classname="execution.Base"/>
  <system-out/>
</testsuite> <!-- execution.Base -->
