<?xml version="1.0" encoding="UTF-8"?>
<!-- Generated by org.testng.reporters.JUnitReportReporter -->
<testsuite skipped="0" hostname="Sayeed-LpTop1" name="execution.Bestsellers" tests="11" failures="0" timestamp="2020-04-23T22:07:47 EDT" time="2.308" errors="0">
  <testcase name="test3" time="0.386" classname="execution.Bestsellers"/>
  <system-out/>
  <testcase name="test2" time="0.105" classname="execution.Bestsellers"/>
  <system-out/>
  <testcase name="test2" time="0.081" classname="execution.Bestsellers"/>
  <system-out/>
  <testcase name="test2" time="0.076" classname="execution.Bestsellers"/>
  <system-out/>
  <testcase name="test1" time="1.175" classname="execution.Bestsellers"/>
  <system-out/>
  <testcase name="test2" time="0.073" classname="execution.Bestsellers"/>
  <system-out/>
  <testcase name="test2" time="0.073" classname="execution.Bestsellers"/>
  <system-out/>
  <testcase name="test2" time="0.073" classname="execution.Bestsellers"/>
  <system-out/>
  <testcase name="test2" time="0.120" classname="execution.Bestsellers"/>
  <system-out/>
  <testcase name="test2" time="0.072" classname="execution.Bestsellers"/>
  <system-out/>
  <testcase name="test2" time="0.074" classname="execution.Bestsellers"/>
  <system-out/>
</testsuite> <!-- execution.Bestsellers -->
