<?xml version="1.0" encoding="UTF-8"?>
<!-- Generated by org.testng.reporters.JUnitReportReporter -->
<testsuite skipped="0" hostname="Sayeed-LpTop1" name="execution.Bestsellers" tests="11" failures="0" timestamp="2020-04-23T23:19:33 EDT" time="6.123" errors="0">
  <testcase name="test1" time="1.755" classname="execution.Bestsellers"/>
  <system-out/>
  <testcase name="test2" time="0.422" classname="execution.Bestsellers"/>
  <system-out/>
  <testcase name="test2" time="0.565" classname="execution.Bestsellers"/>
  <system-out/>
  <testcase name="test2" time="0.462" classname="execution.Bestsellers"/>
  <system-out/>
  <testcase name="test2" time="0.429" classname="execution.Bestsellers"/>
  <system-out/>
  <testcase name="test2" time="0.424" classname="execution.Bestsellers"/>
  <system-out/>
  <testcase name="test3" time="0.353" classname="execution.Bestsellers"/>
  <system-out/>
  <testcase name="test2" time="0.413" classname="execution.Bestsellers"/>
  <system-out/>
  <testcase name="test2" time="0.430" classname="execution.Bestsellers"/>
  <system-out/>
  <testcase name="test2" time="0.452" classname="execution.Bestsellers"/>
  <system-out/>
  <testcase name="test2" time="0.418" classname="execution.Bestsellers"/>
  <system-out/>
</testsuite> <!-- execution.Bestsellers -->
