<?xml version="1.0" encoding="UTF-8"?>
<!-- Generated by org.testng.reporters.JUnitReportReporter -->
<testsuite skipped="0" hostname="LAPTOP-KO317EUS" name="execution.Base" tests="1" failures="0" timestamp="2020-04-22T10:26:11 PDT" time="13.493" errors="0">
  <testcase name="Startup" time="13.493" classname="execution.Base"/>
  <system-out/>
</testsuite> <!-- execution.Base -->
