<?xml version="1.0" encoding="UTF-8"?>
<!-- Generated by org.testng.reporters.JUnitReportReporter -->
<testsuite hostname="DESKTOP-9LDSGNB" failures="0" tests="2" name="execution.CustomerTest" time="35.857" errors="0" timestamp="2020-04-23T23:04:11 EDT" skipped="0">
  <testcase classname="execution.CustomerTest" name="withFirstSetOfData" time="22.464"/>
  <system-out/>
  <testcase classname="execution.CustomerTest" name="withSecondSetOfData" time="13.393"/>
  <system-out/>
</testsuite> <!-- execution.CustomerTest -->
